Flow report for CGoL-Simulation
Mon Dec 06 13:36:07 2021
Quartus Prime Version 20.1.0 Build 711 06/05/2020 Patches 0.02i SJ Lite Edition


---------------------
; Table of Contents ;
---------------------
  1. Legal Notice
  2. Flow Summary
  3. Flow Settings
  4. Flow Non-Default Global Settings
  5. Flow Elapsed Time
  6. Flow OS Summary
  7. Flow Log
  8. Flow Messages
  9. Flow Suppressed Messages



----------------
; Legal Notice ;
----------------
Copyright (C) 2020  Intel Corporation. All rights reserved.
Your use of Intel Corporation's design tools, logic functions 
and other software and tools, and any partner logic 
functions, and any output files from any of the foregoing 
(including device programming or simulation files), and any 
associated documentation or information are expressly subject 
to the terms and conditions of the Intel Program License 
Subscription Agreement, the Intel Quartus Prime License Agreement,
the Intel FPGA IP License Agreement, or other applicable license
agreement, including, without limitation, that your use is for
the sole purpose of programming logic devices manufactured by
Intel and sold by Intel or its authorized distributors.  Please
refer to the applicable agreement for further details, at
https://fpgasoftware.intel.com/eula.



+------------------------------------------------------------------------------------------------+
; Flow Summary                                                                                   ;
+------------------------------------+-----------------------------------------------------------+
; Flow Status                        ; Successful - Mon Dec 06 13:35:39 2021                     ;
; Quartus Prime Version              ; 20.1.0 Build 711 06/05/2020 Patches 0.02i SJ Lite Edition ;
; Revision Name                      ; CGoL-Simulation                                           ;
; Top-level Entity Name              ; Top                                                       ;
; Family                             ; MAX 10                                                    ;
; Device                             ; 10M50DAF484C6GES                                          ;
; Timing Models                      ; Preliminary                                               ;
; Total logic elements               ; 13,785 / 49,760 ( 28 % )                                  ;
;     Total combinational functions  ; 13,757 / 49,760 ( 28 % )                                  ;
;     Dedicated logic registers      ; 1,379 / 49,760 ( 3 % )                                    ;
; Total registers                    ; 1379                                                      ;
; Total pins                         ; 91 / 360 ( 25 % )                                         ;
; Total virtual pins                 ; 0                                                         ;
; Total memory bits                  ; 0 / 1,677,312 ( 0 % )                                     ;
; Embedded Multiplier 9-bit elements ; 0 / 288 ( 0 % )                                           ;
; Total PLLs                         ; 2 / 4 ( 50 % )                                            ;
; UFM blocks                         ; 0 / 1 ( 0 % )                                             ;
; ADC blocks                         ; 0 / 2 ( 0 % )                                             ;
+------------------------------------+-----------------------------------------------------------+


+-----------------------------------------+
; Flow Settings                           ;
+-------------------+---------------------+
; Option            ; Setting             ;
+-------------------+---------------------+
; Start date & time ; 12/06/2021 13:24:58 ;
; Main task         ; Compilation         ;
; Revision Name     ; CGoL-Simulation     ;
+-------------------+---------------------+


+---------------------------------------------------------------------------------------------------------------------------+
; Flow Non-Default Global Settings                                                                                          ;
+-------------------------------------+----------------------------------------+-----------------+-------------+------------+
; Assignment Name                     ; Value                                  ; Default Value   ; Entity Name ; Section Id ;
+-------------------------------------+----------------------------------------+-----------------+-------------+------------+
; COMPILER_SIGNATURE_ID               ; 255421814186357.163881509825952        ; --              ; --          ; --         ;
; PARTITION_COLOR                     ; -- (Not supported for targeted family) ; --              ; Top         ; Top        ;
; PARTITION_FITTER_PRESERVATION_LEVEL ; -- (Not supported for targeted family) ; --              ; Top         ; Top        ;
; PARTITION_NETLIST_TYPE              ; -- (Not supported for targeted family) ; --              ; Top         ; Top        ;
; PROJECT_OUTPUT_DIRECTORY            ; output_files                           ; --              ; --          ; --         ;
; TOP_LEVEL_ENTITY                    ; Top                                    ; CGoL-Simulation ; --          ; --         ;
+-------------------------------------+----------------------------------------+-----------------+-------------+------------+


+--------------------------------------------------------------------------------------------------------------------------+
; Flow Elapsed Time                                                                                                        ;
+----------------------+--------------+-------------------------+---------------------+------------------------------------+
; Module Name          ; Elapsed Time ; Average Processors Used ; Peak Virtual Memory ; Total CPU Time (on all processors) ;
+----------------------+--------------+-------------------------+---------------------+------------------------------------+
; Analysis & Synthesis ; 00:06:21     ; 1.0                     ; 5412 MB             ; 00:06:10                           ;
; Fitter               ; 00:03:25     ; 1.2                     ; 1341 MB             ; 00:04:38                           ;
; Assembler            ; 00:00:12     ; 1.0                     ; 594 MB              ; 00:00:06                           ;
; Timing Analyzer      ; 00:00:26     ; 1.6                     ; 739 MB              ; 00:00:33                           ;
; Total                ; 00:10:24     ; --                      ; --                  ; 00:11:27                           ;
+----------------------+--------------+-------------------------+---------------------+------------------------------------+


+-----------------------------------------------------------------------------------+
; Flow OS Summary                                                                   ;
+----------------------+------------------+-----------+------------+----------------+
; Module Name          ; Machine Hostname ; OS Name   ; OS Version ; Processor type ;
+----------------------+------------------+-----------+------------+----------------+
; Analysis & Synthesis ; UIT-Dept-ST      ; Windows 7 ; 6.1        ; x86_64         ;
; Fitter               ; UIT-Dept-ST      ; Windows 7 ; 6.1        ; x86_64         ;
; Assembler            ; UIT-Dept-ST      ; Windows 7 ; 6.1        ; x86_64         ;
; Timing Analyzer      ; UIT-Dept-ST      ; Windows 7 ; 6.1        ; x86_64         ;
+----------------------+------------------+-----------+------------+----------------+


------------
; Flow Log ;
------------
quartus_map --read_settings_files=on --write_settings_files=off CGoL-Simulation -c CGoL-Simulation
quartus_fit --read_settings_files=off --write_settings_files=off CGoL-Simulation -c CGoL-Simulation
quartus_asm --read_settings_files=off --write_settings_files=off CGoL-Simulation -c CGoL-Simulation
quartus_sta CGoL-Simulation -c CGoL-Simulation



